<?xml version="1.0" encoding="UTF-8" ?>
<testsuites>
<testsuite name="using async" errors="0" tests="1" failures="1" time="7.957" timestamp="2017-10-17T01:36:46">
  <testcase classname="using async" name="it block" time="7.957"><failure type="expect" message="Expected undefined to be truthy.">Error: Expected undefined to be truthy.
    at new jasmine.ExpectationResult (C:\Givingback_api\node_modules\jasmine-node\lib\jasmine-node/jasmine-1.3.1.js:114:32)
    at .toBeTruthy (C:\Givingback_api\node_modules\jasmine-node\lib\jasmine-node/jasmine-1.3.1.js:1316:29)
    at .&amp;lt;anonymous&amp;gt; (C:\Givingback_api\spec\test2_spec.js:100:18)
    at jasmine.Block.execute (C:\Givingback_api\node_modules\jasmine-node\lib\jasmine-node/jasmine-1.3.1.js:1145:17)
    at jasmine.Queue.next_ (C:\Givingback_api\node_modules\jasmine-node\lib\jasmine-node/jasmine-1.3.1.js:2177:31)
    at Timeout._onTimeout (C:\Givingback_api\node_modules\jasmine-node\lib\jasmine-node/jasmine-1.3.1.js:2167:18)
    at ontimeout (timers.js:386:14)
    at tryOnTimeout (timers.js:250:5)
    at Timer.listOnTimeout (timers.js:214:5)</failure><failure type="expect" message="timeout: timed out after 5000 msec waiting for spec to complete">timeout: timed out after 5000 msec waiting for spec to complete</failure></testcase>
</testsuite>
</testsuites>