<?xml version="1.0" encoding="UTF-8" ?>
<testsuites>
<testsuite name="2500 post requests" errors="0" tests="1" failures="1" time="19.351" timestamp="2017-10-17T18:35:22">
  <testcase classname="2500 post requests" name="running requests" time="19.351"><failure type="expect" message="Expected false to be truthy.">Error: Expected false to be truthy.
    at new jasmine.ExpectationResult (C:\Givingback_api\node_modules\jasmine-node\lib\jasmine-node/jasmine-1.3.1.js:114:32)
    at .toBeTruthy (C:\Givingback_api\node_modules\jasmine-node\lib\jasmine-node/jasmine-1.3.1.js:1316:29)
    at C:\Givingback_api\spec\fundbar_spec.js:76:31
    at C:\Givingback_api\node_modules\async\dist\async.js:3861:9
    at C:\Givingback_api\node_modules\async\dist\async.js:421:16
    at replenish (C:\Givingback_api\node_modules\async\dist\async.js:941:25)
    at iterateeCallback (C:\Givingback_api\node_modules\async\dist\async.js:931:17)
    at C:\Givingback_api\node_modules\async\dist\async.js:906:16
    at C:\Givingback_api\node_modules\async\dist\async.js:3858:13
    at C:\Givingback_api\spec\fundbar_spec.js:69:9</failure><failure type="expect" message="timeout: timed out after 10000 msec waiting for spec to complete">timeout: timed out after 10000 msec waiting for spec to complete</failure></testcase>
</testsuite>
</testsuites>